2012-04-11 23:48:28,107 - Log4JLogChute initialized using file 'velocity.log'
2012-04-11 23:48:28,108 - Velocity was not initialized! Calling init()...
2012-04-11 23:48:28,108 - Starting Apache Velocity v1.5 (compiled: 2007-02-22 08:52:29)
2012-04-11 23:48:28,108 - Default Properties File: org/apache/velocity/runtime/defaults/velocity.properties
2012-04-11 23:48:28,108 - Trying to use logger class org.apache.velocity.runtime.log.AvalonLogChute
2012-04-11 23:48:28,109 - Couldn't find class org.apache.velocity.runtime.log.AvalonLogChute or necessary supporting classes in classpath.
java.lang.NoClassDefFoundError: org/apache/log/format/Formatter
	at java.lang.Class.forName0(Native Method)
	at java.lang.Class.forName(Class.java:247)
	at org.apache.velocity.util.ClassUtils.getClass(ClassUtils.java:63)
	at org.apache.velocity.util.ClassUtils.getNewInstance(ClassUtils.java:95)
	at org.apache.velocity.runtime.log.LogManager.createLogChute(LogManager.java:147)
	at org.apache.velocity.runtime.log.LogManager.updateLog(LogManager.java:208)
	at org.apache.velocity.runtime.RuntimeInstance.initializeLog(RuntimeInstance.java:728)
	at org.apache.velocity.runtime.RuntimeInstance.init(RuntimeInstance.java:240)
	at org.apache.velocity.runtime.RuntimeInstance.parse(RuntimeInstance.java:993)
	at org.apache.velocity.runtime.RuntimeInstance.parse(RuntimeInstance.java:972)
	at org.apache.velocity.runtime.RuntimeSingleton.parse(RuntimeSingleton.java:265)
	at org.apache.velocity.app.Velocity.evaluate(Velocity.java:274)
	at org.sonatype.mavenbook.weather.WeatherFormatter.format(WeatherFormatter.java:23)
	at org.sonatype.mavenbook.weather.Main.start(Main.java:39)
	at org.sonatype.mavenbook.weather.Main.main(Main.java:22)
Caused by: java.lang.ClassNotFoundException: org.apache.log.format.Formatter
	at java.net.URLClassLoader$1.run(URLClassLoader.java:202)
	at java.security.AccessController.doPrivileged(Native Method)
	at java.net.URLClassLoader.findClass(URLClassLoader.java:190)
	at java.lang.ClassLoader.loadClass(ClassLoader.java:306)
	at sun.misc.Launcher$AppClassLoader.loadClass(Launcher.java:301)
	at java.lang.ClassLoader.loadClass(ClassLoader.java:247)
	... 15 more
2012-04-11 23:48:28,111 - Trying to use logger class org.apache.velocity.runtime.log.Log4JLogChute
2012-04-11 23:48:28,111 - Using logger class org.apache.velocity.runtime.log.Log4JLogChute
2012-04-11 23:48:28,112 - Default ResourceManager initializing. (class org.apache.velocity.runtime.resource.ResourceManagerImpl)
2012-04-11 23:48:28,114 - ResourceLoader instantiated: org.apache.velocity.runtime.resource.loader.FileResourceLoader
2012-04-11 23:48:28,115 - Do unicode file recognition:  false
2012-04-11 23:48:28,115 - FileResourceLoader : adding path '.'
2012-04-11 23:48:28,122 - ResourceCache: initialized (class org.apache.velocity.runtime.resource.ResourceCacheImpl)
2012-04-11 23:48:28,124 - Loaded System Directive: org.apache.velocity.runtime.directive.Literal
2012-04-11 23:48:28,125 - Loaded System Directive: org.apache.velocity.runtime.directive.Macro
2012-04-11 23:48:28,126 - Loaded System Directive: org.apache.velocity.runtime.directive.Parse
2012-04-11 23:48:28,126 - Loaded System Directive: org.apache.velocity.runtime.directive.Include
2012-04-11 23:48:28,127 - Loaded System Directive: org.apache.velocity.runtime.directive.Foreach
2012-04-11 23:48:28,148 - Created '20' parsers.
2012-04-11 23:48:28,153 - Velocimacro : "velocimacro.library" is not set.  Trying default library: VM_global_library.vm
2012-04-11 23:48:28,153 - Velocimacro : Default library not found.
2012-04-11 23:48:28,153 - Velocimacro : allowInline = true : VMs can be defined inline in templates
2012-04-11 23:48:28,153 - Velocimacro : allowInlineToOverride = false : VMs defined inline may NOT replace previous VM definitions
2012-04-11 23:48:28,153 - Velocimacro : allowInlineLocal = false : VMs defined inline will be global in scope if allowed.
2012-04-11 23:48:28,153 - Velocimacro : autoload off : VM system will not automatically reload global library macros
2012-04-11 23:48:36,886 - Log4JLogChute initialized using file 'velocity.log'
2012-04-11 23:48:36,887 - Velocity was not initialized! Calling init()...
2012-04-11 23:48:36,887 - Starting Apache Velocity v1.5 (compiled: 2007-02-22 08:52:29)
2012-04-11 23:48:36,887 - Default Properties File: org/apache/velocity/runtime/defaults/velocity.properties
2012-04-11 23:48:36,887 - Trying to use logger class org.apache.velocity.runtime.log.AvalonLogChute
2012-04-11 23:48:36,888 - Couldn't find class org.apache.velocity.runtime.log.AvalonLogChute or necessary supporting classes in classpath.
java.lang.NoClassDefFoundError: org/apache/log/format/Formatter
	at java.lang.Class.forName0(Native Method)
	at java.lang.Class.forName(Class.java:247)
	at org.apache.velocity.util.ClassUtils.getClass(ClassUtils.java:63)
	at org.apache.velocity.util.ClassUtils.getNewInstance(ClassUtils.java:95)
	at org.apache.velocity.runtime.log.LogManager.createLogChute(LogManager.java:147)
	at org.apache.velocity.runtime.log.LogManager.updateLog(LogManager.java:208)
	at org.apache.velocity.runtime.RuntimeInstance.initializeLog(RuntimeInstance.java:728)
	at org.apache.velocity.runtime.RuntimeInstance.init(RuntimeInstance.java:240)
	at org.apache.velocity.runtime.RuntimeInstance.parse(RuntimeInstance.java:993)
	at org.apache.velocity.runtime.RuntimeInstance.parse(RuntimeInstance.java:972)
	at org.apache.velocity.runtime.RuntimeSingleton.parse(RuntimeSingleton.java:265)
	at org.apache.velocity.app.Velocity.evaluate(Velocity.java:274)
	at org.sonatype.mavenbook.weather.WeatherFormatter.format(WeatherFormatter.java:23)
	at org.sonatype.mavenbook.weather.Main.start(Main.java:39)
	at org.sonatype.mavenbook.weather.Main.main(Main.java:22)
Caused by: java.lang.ClassNotFoundException: org.apache.log.format.Formatter
	at java.net.URLClassLoader$1.run(URLClassLoader.java:202)
	at java.security.AccessController.doPrivileged(Native Method)
	at java.net.URLClassLoader.findClass(URLClassLoader.java:190)
	at java.lang.ClassLoader.loadClass(ClassLoader.java:306)
	at sun.misc.Launcher$AppClassLoader.loadClass(Launcher.java:301)
	at java.lang.ClassLoader.loadClass(ClassLoader.java:247)
	... 15 more
2012-04-11 23:48:36,889 - Trying to use logger class org.apache.velocity.runtime.log.Log4JLogChute
2012-04-11 23:48:36,889 - Using logger class org.apache.velocity.runtime.log.Log4JLogChute
2012-04-11 23:48:36,891 - Default ResourceManager initializing. (class org.apache.velocity.runtime.resource.ResourceManagerImpl)
2012-04-11 23:48:36,893 - ResourceLoader instantiated: org.apache.velocity.runtime.resource.loader.FileResourceLoader
2012-04-11 23:48:36,893 - Do unicode file recognition:  false
2012-04-11 23:48:36,893 - FileResourceLoader : adding path '.'
2012-04-11 23:48:36,903 - ResourceCache: initialized (class org.apache.velocity.runtime.resource.ResourceCacheImpl)
2012-04-11 23:48:36,905 - Loaded System Directive: org.apache.velocity.runtime.directive.Literal
2012-04-11 23:48:36,907 - Loaded System Directive: org.apache.velocity.runtime.directive.Macro
2012-04-11 23:48:36,908 - Loaded System Directive: org.apache.velocity.runtime.directive.Parse
2012-04-11 23:48:36,910 - Loaded System Directive: org.apache.velocity.runtime.directive.Include
2012-04-11 23:48:36,910 - Loaded System Directive: org.apache.velocity.runtime.directive.Foreach
2012-04-11 23:48:36,935 - Created '20' parsers.
2012-04-11 23:48:36,941 - Velocimacro : "velocimacro.library" is not set.  Trying default library: VM_global_library.vm
2012-04-11 23:48:36,942 - Velocimacro : Default library not found.
2012-04-11 23:48:36,942 - Velocimacro : allowInline = true : VMs can be defined inline in templates
2012-04-11 23:48:36,942 - Velocimacro : allowInlineToOverride = false : VMs defined inline may NOT replace previous VM definitions
2012-04-11 23:48:36,942 - Velocimacro : allowInlineLocal = false : VMs defined inline will be global in scope if allowed.
2012-04-11 23:48:36,942 - Velocimacro : autoload off : VM system will not automatically reload global library macros
